  % Total    % Received % Xferd  Average Speed   Time    Time     Time  Current
                                 Dload  Upload   Total   Spent    Left  Speed
  0     0    0     0    0     0      0      0 --:--:-- --:--:-- --:--:--     0  0     0    0     0    0     0      0      0 --:--:-- --:--:-- --:--:--     0100    15  100    15    0     0     36      0 --:--:-- --:--:-- --:--:--    36

 2020-12-26 19:00:02.893399 

usage : python /home/pi/devel/BerePi/apps/tinyosGW/publicip.py {server_IP_ADD} {server_PORT} {server_id} {passwd_for_server} => user should input arguments {}  

... start running, inputs are  localhost 22 pi tinyos0
[get-public-ip] 123.213.188.30

os-type Linux
eth0      Link encap:Ethernet  HWaddr f0:1e:34:00:48:9f  
          inet addr:192.168.55.21  Bcast:192.168.55.255  Mask:255.255.255.0
          inet6 addr: fe80::c5cc:48aa:bb11:67ec/64 Scope:Link
          UP BROADCAST RUNNING MULTICAST  MTU:1500  Metric:1
          RX packets:25233 errors:0 dropped:1739 overruns:0 frame:0
          TX packets:15674 errors:0 dropped:0 overruns:0 carrier:0
          collisions:0 txqueuelen:1000 
          RX bytes:2072224 (1.9 MiB)  TX bytes:2610163 (2.4 MiB)

lo        Link encap:Local Loopback  
          inet addr:127.0.0.1  Mask:255.0.0.0
          inet6 addr: ::1/128 Scope:Host
          UP LOOPBACK RUNNING  MTU:65536  Metric:1
          RX packets:484 errors:0 dropped:0 overruns:0 frame:0
          TX packets:484 errors:0 dropped:0 overruns:0 carrier:0
          collisions:0 txqueuelen:0 
          RX bytes:52684 (51.4 KiB)  TX bytes:52684 (51.4 KiB)


[exception] get log-in user name
using local id :  pi
/home/pi/devel/BerePi/apps/tinyosGW/out/mins-gate.txt

sshpass -ptinyos0 scp -P22 -o StrictHostKeyChecking=no /home/pi/devel/BerePi/apps/tinyosGW/out/mins-gate.txt pi@localhost:/var/www/html/server/
sshpass -ptinyos0 scp -P22 -o StrictHostKeyChecking=no /home/pi/devel/BerePi/apps/tinyosGW/out/rpi_sys_service_log.log  pi@localhost:/var/www/html/server/rpi_sys_service_log.mins-gate
 
return of os.system =  0
return of os.system =  0
finish 
